<?xml version="1.0" encoding="UTF-8"?>
<!-- Generated by org.testng.reporters.JUnitReportReporter -->
<testsuite skipped="1" hostname="YKM-MIS-006" name="com.hotportal.tests.SanityHotPortalFireFox" tests="7" failures="0" timestamp="03 אוג 2017 09:43:15 GMT" time="93.625" errors="2">
  <testcase name="Customer_SpeedLogin_Excel_103663" time="14.727" classname="com.hotportal.tests.SanityHotPortalFireFox"/>
  <testcase name="Customer_SpeedLogin_Excel_103663" time="3.742" classname="com.hotportal.tests.SanityHotPortalFireFox">
    <error type="org.openqa.selenium.WebDriverException" message="Element &lt;input value=&quot;כניסה&quot; onclick=&quot;EnterToken(); return false;&quot; type=&quot;submit&quot;&gt; is not clickable at point (359, 78). Other element would receive the click: &lt;div class=&quot;pushcrew-safari-notification-inner-wrapper&quot;&gt;&lt;/div&gt;
Command duration or timeout: 136 milliseconds
Build info: version: &#039;unknown&#039;, revision: &#039;unknown&#039;, time: &#039;unknown&#039;
System info: host: &#039;YKM-MIS-006&#039;, ip: &#039;8.200.208.131&#039;, os.name: &#039;Windows 7&#039;, os.arch: &#039;amd64&#039;, os.version: &#039;6.1&#039;, java.version: &#039;1.8.0_131&#039;
Driver info: org.openqa.selenium.firefox.FirefoxDriver
Capabilities [{applicationCacheEnabled=true, rotatable=false, handlesAlerts=true, databaseEnabled=true, version=47.0.2, platform=WINDOWS, nativeEvents=false, acceptSslCerts=true, webStorageEnabled=true, locationContextEnabled=true, browserName=firefox, takesScreenshot=true, javascriptEnabled=true, cssSelectorsEnabled=true}]
Session ID: 3dc820d4-d797-4f3f-afff-94fac724671c">
      <![CDATA[org.openqa.selenium.WebDriverException: Element <input value="כניסה" onclick="EnterToken(); return false;" type="submit"> is not clickable at point (359, 78). Other element would receive the click: <div class="pushcrew-safari-notification-inner-wrapper"></div>
Command duration or timeout: 136 milliseconds
Build info: version: 'unknown', revision: 'unknown', time: 'unknown'
System info: host: 'YKM-MIS-006', ip: '8.200.208.131', os.name: 'Windows 7', os.arch: 'amd64', os.version: '6.1', java.version: '1.8.0_131'
Driver info: org.openqa.selenium.firefox.FirefoxDriver
Capabilities [{applicationCacheEnabled=true, rotatable=false, handlesAlerts=true, databaseEnabled=true, version=47.0.2, platform=WINDOWS, nativeEvents=false, acceptSslCerts=true, webStorageEnabled=true, locationContextEnabled=true, browserName=firefox, takesScreenshot=true, javascriptEnabled=true, cssSelectorsEnabled=true}]
Session ID: 3dc820d4-d797-4f3f-afff-94fac724671c
	at sun.reflect.NativeConstructorAccessorImpl.newInstance0(Native Method)
	at sun.reflect.NativeConstructorAccessorImpl.newInstance(Unknown Source)
	at sun.reflect.DelegatingConstructorAccessorImpl.newInstance(Unknown Source)
	at java.lang.reflect.Constructor.newInstance(Unknown Source)
	at org.openqa.selenium.remote.ErrorHandler.createThrowable(ErrorHandler.java:215)
	at org.openqa.selenium.remote.ErrorHandler.throwIfResponseFailed(ErrorHandler.java:167)
	at org.openqa.selenium.remote.RemoteWebDriver.execute(RemoteWebDriver.java:671)
	at org.openqa.selenium.remote.RemoteWebElement.execute(RemoteWebElement.java:272)
	at org.openqa.selenium.remote.RemoteWebElement.click(RemoteWebElement.java:82)
	at sun.reflect.GeneratedMethodAccessor5.invoke(Unknown Source)
	at sun.reflect.DelegatingMethodAccessorImpl.invoke(Unknown Source)
	at java.lang.reflect.Method.invoke(Unknown Source)
	at org.openqa.selenium.support.pagefactory.internal.LocatingElementHandler.invoke(LocatingElementHandler.java:51)
	at com.sun.proxy.$Proxy26.click(Unknown Source)
	at com.hotportal.pages.BasePage.click(BasePage.java:53)
	at com.hotportal.pages.HomePage.login(HomePage.java:69)
	at com.hotportal.tests.SanityHotPortalFireFox.Customer_SpeedLogin_Excel_103663(SanityHotPortalFireFox.java:69)
	at sun.reflect.NativeMethodAccessorImpl.invoke0(Native Method)
	at sun.reflect.NativeMethodAccessorImpl.invoke(Unknown Source)
	at sun.reflect.DelegatingMethodAccessorImpl.invoke(Unknown Source)
	at java.lang.reflect.Method.invoke(Unknown Source)
	at org.testng.internal.MethodInvocationHelper.invokeMethod(MethodInvocationHelper.java:108)
	at org.testng.internal.Invoker.invokeMethod(Invoker.java:661)
	at org.testng.internal.Invoker.invokeTestMethod(Invoker.java:869)
	at org.testng.internal.Invoker.invokeTestMethods(Invoker.java:1193)
	at org.testng.internal.TestMethodWorker.invokeTestMethods(TestMethodWorker.java:126)
	at org.testng.internal.TestMethodWorker.run(TestMethodWorker.java:109)
	at org.testng.TestRunner.privateRun(TestRunner.java:744)
	at org.testng.TestRunner.run(TestRunner.java:602)
	at org.testng.SuiteRunner.runTest(SuiteRunner.java:380)
	at org.testng.SuiteRunner.access$000(SuiteRunner.java:39)
	at org.testng.SuiteRunner$SuiteWorker.run(SuiteRunner.java:414)
	at org.testng.internal.thread.ThreadUtil$1.call(ThreadUtil.java:52)
	at java.util.concurrent.FutureTask.run(Unknown Source)
	at java.util.concurrent.ThreadPoolExecutor.runWorker(Unknown Source)
	at java.util.concurrent.ThreadPoolExecutor$Worker.run(Unknown Source)
	at java.lang.Thread.run(Unknown Source)
]]>
    </error>
  </testcase> <!-- Customer_SpeedLogin_Excel_103663 -->
  <testcase name="Customer_SpeedLogin_Excel_103663" time="16.787" classname="com.hotportal.tests.SanityHotPortalFireFox"/>
  <testcase name="Customer_SpeedLogin_Excel_103663" time="14.938" classname="com.hotportal.tests.SanityHotPortalFireFox"/>
  <testcase name="Customer_SpeedLogin_Excel_103663" time="12.688" classname="com.hotportal.tests.SanityHotPortalFireFox"/>
  <testcase name="Customer_SpeedLogin_Excel_103663" time="30.743" classname="com.hotportal.tests.SanityHotPortalFireFox">
    <error type="org.openqa.selenium.TimeoutException" message="Expected condition failed: waiting for element to be clickable: [[FirefoxDriver: firefox on WINDOWS (3dc820d4-d797-4f3f-afff-94fac724671c)] -&gt; xpath: //*[@id=&#039;form1&#039;]//a[text()=&#039;יציאה&#039;]] (tried for 10 second(s) with 500 MILLISECONDS interval)
Build info: version: &#039;unknown&#039;, revision: &#039;unknown&#039;, time: &#039;unknown&#039;
System info: host: &#039;YKM-MIS-006&#039;, ip: &#039;8.200.208.131&#039;, os.name: &#039;Windows 7&#039;, os.arch: &#039;amd64&#039;, os.version: &#039;6.1&#039;, java.version: &#039;1.8.0_131&#039;
Driver info: org.openqa.selenium.firefox.FirefoxDriver
Capabilities [{applicationCacheEnabled=true, rotatable=false, handlesAlerts=true, databaseEnabled=true, version=47.0.2, platform=WINDOWS, nativeEvents=false, acceptSslCerts=true, webStorageEnabled=true, locationContextEnabled=true, browserName=firefox, takesScreenshot=true, javascriptEnabled=true, cssSelectorsEnabled=true}]
Session ID: 3dc820d4-d797-4f3f-afff-94fac724671c">
      <![CDATA[org.openqa.selenium.TimeoutException: Expected condition failed: waiting for element to be clickable: [[FirefoxDriver: firefox on WINDOWS (3dc820d4-d797-4f3f-afff-94fac724671c)] -> xpath: //*[@id='form1']//a[text()='יציאה']] (tried for 10 second(s) with 500 MILLISECONDS interval)
Build info: version: 'unknown', revision: 'unknown', time: 'unknown'
System info: host: 'YKM-MIS-006', ip: '8.200.208.131', os.name: 'Windows 7', os.arch: 'amd64', os.version: '6.1', java.version: '1.8.0_131'
Driver info: org.openqa.selenium.firefox.FirefoxDriver
Capabilities [{applicationCacheEnabled=true, rotatable=false, handlesAlerts=true, databaseEnabled=true, version=47.0.2, platform=WINDOWS, nativeEvents=false, acceptSslCerts=true, webStorageEnabled=true, locationContextEnabled=true, browserName=firefox, takesScreenshot=true, javascriptEnabled=true, cssSelectorsEnabled=true}]
Session ID: 3dc820d4-d797-4f3f-afff-94fac724671c
	at org.openqa.selenium.support.ui.WebDriverWait.timeoutException(WebDriverWait.java:80)
	at org.openqa.selenium.support.ui.FluentWait.until(FluentWait.java:232)
	at com.hotportal.pages.BasePage.click(BasePage.java:51)
	at com.hotportal.pages.HomePage.logout(HomePage.java:97)
	at com.hotportal.tests.SanityHotPortalFireFox.Customer_SpeedLogin_Excel_103663(SanityHotPortalFireFox.java:79)
	at sun.reflect.NativeMethodAccessorImpl.invoke0(Native Method)
	at sun.reflect.NativeMethodAccessorImpl.invoke(Unknown Source)
	at sun.reflect.DelegatingMethodAccessorImpl.invoke(Unknown Source)
	at java.lang.reflect.Method.invoke(Unknown Source)
	at org.testng.internal.MethodInvocationHelper.invokeMethod(MethodInvocationHelper.java:108)
	at org.testng.internal.Invoker.invokeMethod(Invoker.java:661)
	at org.testng.internal.Invoker.invokeTestMethod(Invoker.java:869)
	at org.testng.internal.Invoker.invokeTestMethods(Invoker.java:1193)
	at org.testng.internal.TestMethodWorker.invokeTestMethods(TestMethodWorker.java:126)
	at org.testng.internal.TestMethodWorker.run(TestMethodWorker.java:109)
	at org.testng.TestRunner.privateRun(TestRunner.java:744)
	at org.testng.TestRunner.run(TestRunner.java:602)
	at org.testng.SuiteRunner.runTest(SuiteRunner.java:380)
	at org.testng.SuiteRunner.access$000(SuiteRunner.java:39)
	at org.testng.SuiteRunner$SuiteWorker.run(SuiteRunner.java:414)
	at org.testng.internal.thread.ThreadUtil$1.call(ThreadUtil.java:52)
	at java.util.concurrent.FutureTask.run(Unknown Source)
	at java.util.concurrent.ThreadPoolExecutor.runWorker(Unknown Source)
	at java.util.concurrent.ThreadPoolExecutor$Worker.run(Unknown Source)
	at java.lang.Thread.run(Unknown Source)
]]>
    </error>
  </testcase> <!-- Customer_SpeedLogin_Excel_103663 -->
  <testcase name="Customer_SpeedLogin_103663" classname="com.hotportal.tests.SanityHotPortalFireFox">
    <skipped/>
  </testcase> <!-- Customer_SpeedLogin_103663 -->
</testsuite> <!-- com.hotportal.tests.SanityHotPortalFireFox -->
