<?xml version="1.0" encoding="UTF-8"?>
<!-- Generated by org.testng.reporters.JUnitXMLReporter -->
<testsuite hostname="HOT-AutoSRV-01" ignored="0" name="InterfacesCRM" tests="3" failures="3" timestamp="05 Dec 2017 04:55:46 GMT" time="121.647" errors="0">
  <testcase name="Product360" time="40.677" classname="com.crm.tests.InterfacesCRM">
    <failure type="org.openqa.selenium.NoSuchFrameException" message="No frame element found by name or id ptifrmtgtframe
Build info: version: &amp;apos;unknown&amp;apos;, revision: &amp;apos;unknown&amp;apos;, time: &amp;apos;unknown&amp;apos;
System info: host: &amp;apos;HOT-AUTOSRV-01&amp;apos;, ip: &amp;apos;8.200.4.15&amp;apos;, os.name: &amp;apos;Windows Server 2012 R2&amp;apos;, os.arch: &amp;apos;amd64&amp;apos;, os.version: &amp;apos;6.3&amp;apos;, java.version: &amp;apos;1.8.0_131&amp;apos;
Driver info: driver.version: unknown">
      <![CDATA[org.openqa.selenium.NoSuchFrameException: No frame element found by name or id ptifrmtgtframe
Build info: version: 'unknown', revision: 'unknown', time: 'unknown'
System info: host: 'HOT-AUTOSRV-01', ip: '8.200.4.15', os.name: 'Windows Server 2012 R2', os.arch: 'amd64', os.version: '6.3', java.version: '1.8.0_131'
Driver info: driver.version: unknown
	at org.openqa.selenium.remote.RemoteWebDriver$RemoteTargetLocator.frame(RemoteWebDriver.java:973)
	at com.crm.pages.CRMCustomerPage.goToSite(CRMCustomerPage.java:55)
	at com.crm.tests.InterfacesCRM.Product360(InterfacesCRM.java:67)
... Removed 24 stack frames]]>
    </failure>
  </testcase> <!-- Product360 -->
  <testcase name="Product360" time="25.207" classname="com.crm.tests.InterfacesCRM">
    <failure/>
  </testcase> <!-- Product360 -->
  <testcase name="Product360" time="25.001" classname="com.crm.tests.InterfacesCRM">
    <failure/>
  </testcase> <!-- Product360 -->
</testsuite> <!-- InterfacesCRM -->
