<html>
<head>
<title>TestNG:  InterfacesCRM</title>
<link href="../testng.css" rel="stylesheet" type="text/css" />
<link href="../my-testng.css" rel="stylesheet" type="text/css" />

<style type="text/css">
.log { display: none;} 
.stack-trace { display: none;} 
</style>
<script type="text/javascript">
<!--
function flip(e) {
  current = e.style.display;
  if (current == 'block') {
    e.style.display = 'none';
    return 0;
  }
  else {
    e.style.display = 'block';
    return 1;
  }
}

function toggleBox(szDivId, elem, msg1, msg2)
{
  var res = -1;  if (document.getElementById) {
    res = flip(document.getElementById(szDivId));
  }
  else if (document.all) {
    // this is the way old msie versions work
    res = flip(document.all[szDivId]);
  }
  if(elem) {
    if(res == 0) elem.innerHTML = msg1; else elem.innerHTML = msg2;
  }

}

function toggleAllBoxes() {
  if (document.getElementsByTagName) {
    d = document.getElementsByTagName('div');
    for (i = 0; i < d.length; i++) {
      if (d[i].className == 'log') {
        flip(d[i]);
      }
    }
  }
}

// -->
</script>

</head>
<body>
<h2 align='center'>InterfacesCRM</h2><table border='1' align="center">
<tr>
<td>Tests passed/Failed/Skipped:</td><td>0/3/0</td>
</tr><tr>
<td>Started on:</td><td>Tue Dec 05 06:53:44 IST 2017</td>
</tr>
<tr><td>Total time:</td><td>121 seconds (121647 ms)</td>
</tr><tr>
<td>Included groups:</td><td></td>
</tr><tr>
<td>Excluded groups:</td><td></td>
</tr>
</table><p/>
<small><i>(Hover the method name to see the test class name)</i></small><p/>
<table width='100%' border='1' class='invocation-failed'>
<tr><td colspan='4' align='center'><b>FAILED TESTS</b></td></tr>
<tr><td><b>Test method</b></td>
<td width="30%"><b>Exception</b></td>
<td width="10%"><b>Time (seconds)</b></td>
<td><b>Instance</b></td>
</tr>
<tr>
<td title='com.crm.tests.InterfacesCRM.Product360()'><b>Product360</b><br>Test class: com.crm.tests.InterfacesCRM<br>Parameters: 851814</td>
<td><div><pre>org.openqa.selenium.NoSuchFrameException: No frame element found by name or id ptifrmtgtframe
Build info: version: &apos;unknown&apos;, revision: &apos;unknown&apos;, time: &apos;unknown&apos;
System info: host: &apos;HOT-AUTOSRV-01&apos;, ip: &apos;8.200.4.15&apos;, os.name: &apos;Windows Server 2012 R2&apos;, os.arch: &apos;amd64&apos;, os.version: &apos;6.3&apos;, java.version: &apos;1.8.0_131&apos;
Driver info: driver.version: unknown
	at org.openqa.selenium.remote.RemoteWebDriver$RemoteTargetLocator.frame(RemoteWebDriver.java:973)
	at com.crm.pages.CRMCustomerPage.goToSite(CRMCustomerPage.java:55)
	at com.crm.tests.InterfacesCRM.Product360(InterfacesCRM.java:67)
... Removed 24 stack frames</pre></div><a href='#' onClick='toggleBox("stack-trace1913386579", this, "Click to show all stack frames", "Click to hide stack frames")'>Click to show all stack frames</a>
<div class='stack-trace' id='stack-trace1913386579'><pre>org.openqa.selenium.NoSuchFrameException: No frame element found by name or id ptifrmtgtframe
Build info: version: &apos;unknown&apos;, revision: &apos;unknown&apos;, time: &apos;unknown&apos;
System info: host: &apos;HOT-AUTOSRV-01&apos;, ip: &apos;8.200.4.15&apos;, os.name: &apos;Windows Server 2012 R2&apos;, os.arch: &apos;amd64&apos;, os.version: &apos;6.3&apos;, java.version: &apos;1.8.0_131&apos;
Driver info: driver.version: unknown
	at org.openqa.selenium.remote.RemoteWebDriver$RemoteTargetLocator.frame(RemoteWebDriver.java:973)
	at com.crm.pages.CRMCustomerPage.goToSite(CRMCustomerPage.java:55)
	at com.crm.tests.InterfacesCRM.Product360(InterfacesCRM.java:67)
	at sun.reflect.NativeMethodAccessorImpl.invoke0(Native Method)
	at sun.reflect.NativeMethodAccessorImpl.invoke(Unknown Source)
	at sun.reflect.DelegatingMethodAccessorImpl.invoke(Unknown Source)
	at java.lang.reflect.Method.invoke(Unknown Source)
	at org.testng.internal.MethodInvocationHelper.invokeMethod(MethodInvocationHelper.java:108)
	at org.testng.internal.Invoker.invokeMethod(Invoker.java:661)
	at org.testng.internal.Invoker.invokeTestMethod(Invoker.java:869)
	at org.testng.internal.Invoker.invokeTestMethods(Invoker.java:1193)
	at org.testng.internal.TestMethodWorker.invokeTestMethods(TestMethodWorker.java:126)
	at org.testng.internal.TestMethodWorker.run(TestMethodWorker.java:109)
	at org.testng.TestRunner.privateRun(TestRunner.java:744)
	at org.testng.TestRunner.run(TestRunner.java:602)
	at org.testng.SuiteRunner.runTest(SuiteRunner.java:380)
	at org.testng.SuiteRunner.runSequentially(SuiteRunner.java:375)
	at org.testng.SuiteRunner.privateRun(SuiteRunner.java:340)
	at org.testng.SuiteRunner.run(SuiteRunner.java:289)
	at org.testng.SuiteRunnerWorker.runSuite(SuiteRunnerWorker.java:52)
	at org.testng.SuiteRunnerWorker.run(SuiteRunnerWorker.java:86)
	at org.testng.TestNG.runSuitesSequentially(TestNG.java:1301)
	at org.testng.TestNG.runSuitesLocally(TestNG.java:1226)
	at org.testng.TestNG.runSuites(TestNG.java:1144)
	at org.testng.TestNG.run(TestNG.java:1115)
	at org.testng.TestNG.privateMain(TestNG.java:1442)
	at org.testng.TestNG.main(TestNG.java:1411)
</pre></div></td>
<td>40</td>
<td>com.crm.tests.InterfacesCRM@1190200a</td></tr>
<tr>
<td title='com.crm.tests.InterfacesCRM.Product360()'><b>Product360</b><br>Test class: com.crm.tests.InterfacesCRM<br>Parameters: 970996<br/>
<a href="#Output-275002771" onClick='toggleBox("Output-275002771", this, "Show output", "Hide output");'>Show output</a>

<a href="#Output-275002771" onClick="toggleAllBoxes();">Show all outputs</a>
<div class='log' id="Output-275002771">
<a href=".png"><p align="left">Error screenshot at Tue Dec 05 06:55:10 IST 2017</p><br/>
<p><img width="1024" src="C:\Workspace\CRM\src\images\Failed assert_12052017_065510_AM.png" alt="screenshot at Tue Dec 05 06:55:10 IST 2017"/></p></a><br /><br/>
 נכשל ביצוע מוצר 360<br/>
</div>
</td>
<td></td>
<td>25</td>
<td>com.crm.tests.InterfacesCRM@1190200a</td></tr>
<tr>
<td title='com.crm.tests.InterfacesCRM.Product360()'><b>Product360</b><br>Test class: com.crm.tests.InterfacesCRM<br>Parameters: 810122<br/>
<a href="#Output-916897446" onClick='toggleBox("Output-916897446", this, "Show output", "Hide output");'>Show output</a>

<a href="#Output-916897446" onClick="toggleAllBoxes();">Show all outputs</a>
<div class='log' id="Output-916897446">
<a href=".png"><p align="left">Error screenshot at Tue Dec 05 06:55:39 IST 2017</p><br/>
<p><img width="1024" src="C:\Workspace\CRM\src\images\Failed assert_12052017_065539_AM.png" alt="screenshot at Tue Dec 05 06:55:39 IST 2017"/></p></a><br /><br/>
 נכשל ביצוע מוצר 360<br/>
</div>
</td>
<td></td>
<td>25</td>
<td>com.crm.tests.InterfacesCRM@1190200a</td></tr>
</table><p>
</body>
</html>