<?xml version="1.0" encoding="UTF-8"?>
<!-- Generated by org.testng.reporters.JUnitXMLReporter -->
<testsuite hostname="HOT-AutoSRV-01" ignored="14" name="Sanity Test CRM" tests="4" failures="1" timestamp="23 Nov 2017 13:49:01 GMT" time="1159.096" errors="0">
  <testcase name="@AfterMethod Exit_Clean_After_Test" time="0.047" classname="com.crm.tests.SanityHotNet">
    <failure type="org.openqa.selenium.NoSuchWindowException" message="Unable to get browser (WARNING: The server did not provide any stacktrace information)
Command duration or timeout: 47 milliseconds
Build info: version: &amp;apos;unknown&amp;apos;, revision: &amp;apos;unknown&amp;apos;, time: &amp;apos;unknown&amp;apos;
System info: host: &amp;apos;HOT-AUTOSRV-01&amp;apos;, ip: &amp;apos;8.200.4.15&amp;apos;, os.name: &amp;apos;Windows Server 2012 R2&amp;apos;, os.arch: &amp;apos;amd64&amp;apos;, os.version: &amp;apos;6.3&amp;apos;, java.version: &amp;apos;1.8.0_131&amp;apos;
Driver info: org.openqa.selenium.ie.InternetExplorerDriver
Capabilities [{se:ieOptions={browserAttachTimeout=0.0, ie.enableFullPageScreenshot=true, enablePersistentHover=true, ie.forceCreateProcessApi=false, ie.forceShellWindowsApi=false, ignoreZoomSetting=false, ie.fileUploadDialogTimeout=3000.0, ie.useLegacyFileUploadDialogHandling=false, nativeEvents=true, ie.ensureCleanSession=false, elementScrollBehavior=0.0, ie.browserCommandLineSwitches=, requireWindowFocus=false, initialBrowserUrl=http://localhost:31300/, ignoreProtectedModeSettings=false, enableElementCacheCleanup=true}, browserName=internet explorer, pageLoadStrategy=normal, javascriptEnabled=true, version=11, platform=WINDOWS, unexpectedAlertBehaviour=dismiss}]
Session ID: f17542d4-97ba-42ff-95bc-24be2e959728">
      <![CDATA[org.openqa.selenium.NoSuchWindowException: Unable to get browser (WARNING: The server did not provide any stacktrace information)
Command duration or timeout: 47 milliseconds
Build info: version: 'unknown', revision: 'unknown', time: 'unknown'
System info: host: 'HOT-AUTOSRV-01', ip: '8.200.4.15', os.name: 'Windows Server 2012 R2', os.arch: 'amd64', os.version: '6.3', java.version: '1.8.0_131'
Driver info: org.openqa.selenium.ie.InternetExplorerDriver
Capabilities [{se:ieOptions={browserAttachTimeout=0.0, ie.enableFullPageScreenshot=true, enablePersistentHover=true, ie.forceCreateProcessApi=false, ie.forceShellWindowsApi=false, ignoreZoomSetting=false, ie.fileUploadDialogTimeout=3000.0, ie.useLegacyFileUploadDialogHandling=false, nativeEvents=true, ie.ensureCleanSession=false, elementScrollBehavior=0.0, ie.browserCommandLineSwitches=, requireWindowFocus=false, initialBrowserUrl=http://localhost:31300/, ignoreProtectedModeSettings=false, enableElementCacheCleanup=true}, browserName=internet explorer, pageLoadStrategy=normal, javascriptEnabled=true, version=11, platform=WINDOWS, unexpectedAlertBehaviour=dismiss}]
Session ID: f17542d4-97ba-42ff-95bc-24be2e959728
	at org.openqa.selenium.remote.ErrorHandler.createThrowable(ErrorHandler.java:215)
	at org.openqa.selenium.remote.ErrorHandler.throwIfResponseFailed(ErrorHandler.java:167)
	at org.openqa.selenium.remote.RemoteWebDriver.execute(RemoteWebDriver.java:671)
	at org.openqa.selenium.remote.RemoteWebDriver.get(RemoteWebDriver.java:364)
	at com.crm.tests.SanityHotNet.Exit_Clean_After_Test(SanityHotNet.java:63)
	at java.util.concurrent.FutureTask.run(Unknown Source)
	at java.util.concurrent.ThreadPoolExecutor.runWorker(Unknown Source)
	at java.util.concurrent.ThreadPoolExecutor$Worker.run(Unknown Source)
	at java.lang.Thread.run(Unknown Source)
... Removed 21 stack frames]]>
    </failure>
  </testcase> <!-- @AfterMethod Exit_Clean_After_Test -->
  <testcase name="הוט_נט_הקמת_לקוח_פרטי_4803" time="265.54" classname="com.crm.tests.SanityHotNet"/>
  <testcase name="הוט_נט_הקמת_לקוח_בדיקת_שדות_חובה" time="335.63" classname="com.crm.tests.SanityHotNet_Negative"/>
  <testcase name="הוט_נט_הקמת_לקוח_עסקי_4803" time="15.327" classname="com.crm.tests.SanityHotNet">
    <failure type="org.openqa.selenium.NoSuchWindowException" message="Unable to get browser (WARNING: The server did not provide any stacktrace information)
Command duration or timeout: 3 milliseconds
Build info: version: &amp;apos;unknown&amp;apos;, revision: &amp;apos;unknown&amp;apos;, time: &amp;apos;unknown&amp;apos;
System info: host: &amp;apos;HOT-AUTOSRV-01&amp;apos;, ip: &amp;apos;8.200.4.15&amp;apos;, os.name: &amp;apos;Windows Server 2012 R2&amp;apos;, os.arch: &amp;apos;amd64&amp;apos;, os.version: &amp;apos;6.3&amp;apos;, java.version: &amp;apos;1.8.0_131&amp;apos;
Driver info: org.openqa.selenium.ie.InternetExplorerDriver
Capabilities [{se:ieOptions={browserAttachTimeout=0.0, ie.enableFullPageScreenshot=true, enablePersistentHover=true, ie.forceCreateProcessApi=false, ie.forceShellWindowsApi=false, ignoreZoomSetting=false, ie.fileUploadDialogTimeout=3000.0, ie.useLegacyFileUploadDialogHandling=false, nativeEvents=true, ie.ensureCleanSession=false, elementScrollBehavior=0.0, ie.browserCommandLineSwitches=, requireWindowFocus=false, initialBrowserUrl=http://localhost:31300/, ignoreProtectedModeSettings=false, enableElementCacheCleanup=true}, browserName=internet explorer, pageLoadStrategy=normal, javascriptEnabled=true, version=11, platform=WINDOWS, unexpectedAlertBehaviour=dismiss}]
Session ID: f17542d4-97ba-42ff-95bc-24be2e959728">
      <![CDATA[org.openqa.selenium.NoSuchWindowException: Unable to get browser (WARNING: The server did not provide any stacktrace information)
Command duration or timeout: 3 milliseconds
Build info: version: 'unknown', revision: 'unknown', time: 'unknown'
System info: host: 'HOT-AUTOSRV-01', ip: '8.200.4.15', os.name: 'Windows Server 2012 R2', os.arch: 'amd64', os.version: '6.3', java.version: '1.8.0_131'
Driver info: org.openqa.selenium.ie.InternetExplorerDriver
Capabilities [{se:ieOptions={browserAttachTimeout=0.0, ie.enableFullPageScreenshot=true, enablePersistentHover=true, ie.forceCreateProcessApi=false, ie.forceShellWindowsApi=false, ignoreZoomSetting=false, ie.fileUploadDialogTimeout=3000.0, ie.useLegacyFileUploadDialogHandling=false, nativeEvents=true, ie.ensureCleanSession=false, elementScrollBehavior=0.0, ie.browserCommandLineSwitches=, requireWindowFocus=false, initialBrowserUrl=http://localhost:31300/, ignoreProtectedModeSettings=false, enableElementCacheCleanup=true}, browserName=internet explorer, pageLoadStrategy=normal, javascriptEnabled=true, version=11, platform=WINDOWS, unexpectedAlertBehaviour=dismiss}]
Session ID: f17542d4-97ba-42ff-95bc-24be2e959728
	at org.openqa.selenium.remote.ErrorHandler.createThrowable(ErrorHandler.java:215)
	at org.openqa.selenium.remote.ErrorHandler.throwIfResponseFailed(ErrorHandler.java:167)
	at org.openqa.selenium.remote.RemoteWebDriver.execute(RemoteWebDriver.java:671)
	at org.openqa.selenium.remote.RemoteWebDriver.execute(RemoteWebDriver.java:694)
	at org.openqa.selenium.ie.InternetExplorerDriver.getScreenshotAs(InternetExplorerDriver.java:232)
	at com.hotportal.utility.GeneralUtility.printScreen(GeneralUtility.java:141)
	at com.crm.tests.SanityHotNet.הוט_נט_הקמת_לקוח_עסקי_4803(SanityHotNet.java:155)
	at java.util.concurrent.FutureTask.run(Unknown Source)
	at java.util.concurrent.ThreadPoolExecutor.runWorker(Unknown Source)
	at java.util.concurrent.ThreadPoolExecutor$Worker.run(Unknown Source)
	at java.lang.Thread.run(Unknown Source)
... Removed 19 stack frames]]>
    </failure>
  </testcase> <!-- הוט_נט_הקמת_לקוח_עסקי_4803 -->
  <testcase name="הוט_נט_הקמת_לקוח_עסקי_בדיקת_שדות_חובה" time="526.169" classname="com.crm.tests.SanityHotNet_Negative"/>
  <testcase name="הוט_נט_הקמת_לקוח_בעזרת_דרכון_עם_הרשאה" time="0.0" classname="com.crm.tests.SanityHotNet">
    <ignored/>
  </testcase> <!-- הוט_נט_הקמת_לקוח_בעזרת_דרכון_עם_הרשאה -->
  <testcase name="הוט_נט_חיפוש_מתקדם_ללא_הרשאה_ליצרת_משתמש" time="0.0" classname="com.crm.tests.SanityHotNet_Negative">
    <ignored/>
  </testcase> <!-- הוט_נט_חיפוש_מתקדם_ללא_הרשאה_ליצרת_משתמש -->
  <testcase name="הוט_נט_הקמת_לקוח_בעזרת_דרכון_ללא_הרשאה" time="0.0" classname="com.crm.tests.SanityHotNet_Negative">
    <ignored/>
  </testcase> <!-- הוט_נט_הקמת_לקוח_בעזרת_דרכון_ללא_הרשאה -->
  <testcase name="Product360" time="0.0" classname="com.crm.tests.InterfacesCRM">
    <ignored/>
  </testcase> <!-- Product360 -->
  <testcase name="שליחת_דף_מקדים" time="0.0" classname="com.crm.tests.SanityCRM">
    <ignored/>
  </testcase> <!-- שליחת_דף_מקדים -->
  <testcase name="הוט_נט_הקמת_לקוח_שובר_ללא_הרשאה" time="0.0" classname="com.crm.tests.SanityHotNet_Negative">
    <ignored/>
  </testcase> <!-- הוט_נט_הקמת_לקוח_שובר_ללא_הרשאה -->
  <testcase name="הוט_נט_הקמת_לקוח_הוראת_קבע_ללא_הרשאה" time="0.0" classname="com.crm.tests.SanityHotNet_Negative">
    <ignored/>
  </testcase> <!-- הוט_נט_הקמת_לקוח_הוראת_קבע_ללא_הרשאה -->
  <testcase name="שליחת_דף_מקדים_בדיקה_מסד_נתונים" time="0.0" classname="com.crm.tests.SanityCRM">
    <ignored/>
  </testcase> <!-- שליחת_דף_מקדים_בדיקה_מסד_נתונים -->
  <testcase name="addPermissions" time="0.0" classname="com.crm.tests.SanityCrmTrain">
    <ignored/>
  </testcase> <!-- addPermissions -->
  <testcase name="הוט_נט_הקמת_לקוח_הוראת_קבע" time="0.0" classname="com.crm.tests.SanityHotNet">
    <ignored/>
  </testcase> <!-- הוט_נט_הקמת_לקוח_הוראת_קבע -->
  <testcase name="הוט_נט_הקמת_לקוח_פרטי" time="0.0" classname="com.crm.tests.SanityHotNet">
    <ignored/>
  </testcase> <!-- הוט_נט_הקמת_לקוח_פרטי -->
  <testcase name="הוט_נט_הקמת_לקוח_שובר" time="0.0" classname="com.crm.tests.SanityHotNet">
    <ignored/>
  </testcase> <!-- הוט_נט_הקמת_לקוח_שובר -->
  <testcase name="קריאת_שירות_פדקס_תסריט" time="0.0" classname="com.crm.tests.SanityCRM">
    <ignored/>
  </testcase> <!-- קריאת_שירות_פדקס_תסריט -->
  <testcase name="הוט_נט_חיפוש_מתקדם_והקמת_לקוח" time="0.0" classname="com.crm.tests.SanityHotNet">
    <ignored/>
  </testcase> <!-- הוט_נט_חיפוש_מתקדם_והקמת_לקוח -->
</testsuite> <!-- Sanity Test CRM -->
