<html>
<head>
<title>TestNG:  Sanity Test CRM</title>
<link href="../testng.css" rel="stylesheet" type="text/css" />
<link href="../my-testng.css" rel="stylesheet" type="text/css" />

<style type="text/css">
.log { display: none;} 
.stack-trace { display: none;} 
</style>
<script type="text/javascript">
<!--
function flip(e) {
  current = e.style.display;
  if (current == 'block') {
    e.style.display = 'none';
    return 0;
  }
  else {
    e.style.display = 'block';
    return 1;
  }
}

function toggleBox(szDivId, elem, msg1, msg2)
{
  var res = -1;  if (document.getElementById) {
    res = flip(document.getElementById(szDivId));
  }
  else if (document.all) {
    // this is the way old msie versions work
    res = flip(document.all[szDivId]);
  }
  if(elem) {
    if(res == 0) elem.innerHTML = msg1; else elem.innerHTML = msg2;
  }

}

function toggleAllBoxes() {
  if (document.getElementsByTagName) {
    d = document.getElementsByTagName('div');
    for (i = 0; i < d.length; i++) {
      if (d[i].className == 'log') {
        flip(d[i]);
      }
    }
  }
}

// -->
</script>

</head>
<body>
<h2 align='center'>Sanity Test CRM</h2><table border='1' align="center">
<tr>
<td>Tests passed/Failed/Skipped:</td><td>3/1/0</td>
</tr><tr>
<td>Started on:</td><td>Thu Nov 23 15:29:42 IST 2017</td>
</tr>
<tr><td>Total time:</td><td>1159 seconds (1159096 ms)</td>
</tr><tr>
<td>Included groups:</td><td>negative hotnet </td>
</tr><tr>
<td>Excluded groups:</td><td>interfaces sanity </td>
</tr>
</table><p/>
<small><i>(Hover the method name to see the test class name)</i></small><p/>
<table width='100%' border='1' class='invocation-failed'>
<tr><td colspan='4' align='center'><b>FAILED CONFIGURATIONS</b></td></tr>
<tr><td><b>Test method</b></td>
<td width="30%"><b>Exception</b></td>
<td width="10%"><b>Time (seconds)</b></td>
<td><b>Instance</b></td>
</tr>
<tr>
<td title='com.crm.tests.SanityHotNet.Exit_Clean_After_Test()'><b>Exit_Clean_After_Test</b><br>Test class: com.crm.tests.SanityHotNet</td>
<td><div><pre>org.openqa.selenium.NoSuchWindowException: Unable to get browser (WARNING: The server did not provide any stacktrace information)
Command duration or timeout: 47 milliseconds
Build info: version: &apos;unknown&apos;, revision: &apos;unknown&apos;, time: &apos;unknown&apos;
System info: host: &apos;HOT-AUTOSRV-01&apos;, ip: &apos;8.200.4.15&apos;, os.name: &apos;Windows Server 2012 R2&apos;, os.arch: &apos;amd64&apos;, os.version: &apos;6.3&apos;, java.version: &apos;1.8.0_131&apos;
Driver info: org.openqa.selenium.ie.InternetExplorerDriver
Capabilities [{se:ieOptions={browserAttachTimeout=0.0, ie.enableFullPageScreenshot=true, enablePersistentHover=true, ie.forceCreateProcessApi=false, ie.forceShellWindowsApi=false, ignoreZoomSetting=false, ie.fileUploadDialogTimeout=3000.0, ie.useLegacyFileUploadDialogHandling=false, nativeEvents=true, ie.ensureCleanSession=false, elementScrollBehavior=0.0, ie.browserCommandLineSwitches=, requireWindowFocus=false, initialBrowserUrl=http://localhost:31300/, ignoreProtectedModeSettings=false, enableElementCacheCleanup=true}, browserName=internet explorer, pageLoadStrategy=normal, javascriptEnabled=true, version=11, platform=WINDOWS, unexpectedAlertBehaviour=dismiss}]
Session ID: f17542d4-97ba-42ff-95bc-24be2e959728
	at org.openqa.selenium.remote.ErrorHandler.createThrowable(ErrorHandler.java:215)
	at org.openqa.selenium.remote.ErrorHandler.throwIfResponseFailed(ErrorHandler.java:167)
	at org.openqa.selenium.remote.RemoteWebDriver.execute(RemoteWebDriver.java:671)
	at org.openqa.selenium.remote.RemoteWebDriver.get(RemoteWebDriver.java:364)
	at com.crm.tests.SanityHotNet.Exit_Clean_After_Test(SanityHotNet.java:63)
	at java.util.concurrent.FutureTask.run(Unknown Source)
	at java.util.concurrent.ThreadPoolExecutor.runWorker(Unknown Source)
	at java.util.concurrent.ThreadPoolExecutor$Worker.run(Unknown Source)
	at java.lang.Thread.run(Unknown Source)
... Removed 21 stack frames</pre></div><a href='#' onClick='toggleBox("stack-trace865693418", this, "Click to show all stack frames", "Click to hide stack frames")'>Click to show all stack frames</a>
<div class='stack-trace' id='stack-trace865693418'><pre>org.openqa.selenium.NoSuchWindowException: Unable to get browser (WARNING: The server did not provide any stacktrace information)
Command duration or timeout: 47 milliseconds
Build info: version: &apos;unknown&apos;, revision: &apos;unknown&apos;, time: &apos;unknown&apos;
System info: host: &apos;HOT-AUTOSRV-01&apos;, ip: &apos;8.200.4.15&apos;, os.name: &apos;Windows Server 2012 R2&apos;, os.arch: &apos;amd64&apos;, os.version: &apos;6.3&apos;, java.version: &apos;1.8.0_131&apos;
Driver info: org.openqa.selenium.ie.InternetExplorerDriver
Capabilities [{se:ieOptions={browserAttachTimeout=0.0, ie.enableFullPageScreenshot=true, enablePersistentHover=true, ie.forceCreateProcessApi=false, ie.forceShellWindowsApi=false, ignoreZoomSetting=false, ie.fileUploadDialogTimeout=3000.0, ie.useLegacyFileUploadDialogHandling=false, nativeEvents=true, ie.ensureCleanSession=false, elementScrollBehavior=0.0, ie.browserCommandLineSwitches=, requireWindowFocus=false, initialBrowserUrl=http://localhost:31300/, ignoreProtectedModeSettings=false, enableElementCacheCleanup=true}, browserName=internet explorer, pageLoadStrategy=normal, javascriptEnabled=true, version=11, platform=WINDOWS, unexpectedAlertBehaviour=dismiss}]
Session ID: f17542d4-97ba-42ff-95bc-24be2e959728
	at sun.reflect.GeneratedConstructorAccessor22.newInstance(Unknown Source)
	at sun.reflect.DelegatingConstructorAccessorImpl.newInstance(Unknown Source)
	at java.lang.reflect.Constructor.newInstance(Unknown Source)
	at org.openqa.selenium.remote.ErrorHandler.createThrowable(ErrorHandler.java:215)
	at org.openqa.selenium.remote.ErrorHandler.throwIfResponseFailed(ErrorHandler.java:167)
	at org.openqa.selenium.remote.RemoteWebDriver.execute(RemoteWebDriver.java:671)
	at org.openqa.selenium.remote.RemoteWebDriver.get(RemoteWebDriver.java:364)
	at com.crm.tests.SanityHotNet.Exit_Clean_After_Test(SanityHotNet.java:63)
	at sun.reflect.NativeMethodAccessorImpl.invoke0(Native Method)
	at sun.reflect.NativeMethodAccessorImpl.invoke(Unknown Source)
	at sun.reflect.DelegatingMethodAccessorImpl.invoke(Unknown Source)
	at java.lang.reflect.Method.invoke(Unknown Source)
	at org.testng.internal.MethodInvocationHelper.invokeMethod(MethodInvocationHelper.java:108)
	at org.testng.internal.Invoker.invokeConfigurationMethod(Invoker.java:523)
	at org.testng.internal.Invoker.invokeConfigurations(Invoker.java:224)
	at org.testng.internal.Invoker.invokeMethod(Invoker.java:723)
	at org.testng.internal.Invoker.invokeTestMethod(Invoker.java:869)
	at org.testng.internal.Invoker.invokeTestMethods(Invoker.java:1193)
	at org.testng.internal.TestMethodWorker.invokeTestMethods(TestMethodWorker.java:126)
	at org.testng.internal.TestMethodWorker.run(TestMethodWorker.java:109)
	at org.testng.TestRunner.privateRun(TestRunner.java:744)
	at org.testng.TestRunner.run(TestRunner.java:602)
	at org.testng.SuiteRunner.runTest(SuiteRunner.java:380)
	at org.testng.SuiteRunner.access$000(SuiteRunner.java:39)
	at org.testng.SuiteRunner$SuiteWorker.run(SuiteRunner.java:414)
	at org.testng.internal.thread.ThreadUtil$1.call(ThreadUtil.java:52)
	at java.util.concurrent.FutureTask.run(Unknown Source)
	at java.util.concurrent.ThreadPoolExecutor.runWorker(Unknown Source)
	at java.util.concurrent.ThreadPoolExecutor$Worker.run(Unknown Source)
	at java.lang.Thread.run(Unknown Source)
</pre></div></td>
<td>0</td>
<td>com.crm.tests.SanityHotNet@44821a96</td></tr>
</table><p>
<table width='100%' border='1' class='invocation-failed'>
<tr><td colspan='4' align='center'><b>FAILED TESTS</b></td></tr>
<tr><td><b>Test method</b></td>
<td width="30%"><b>Exception</b></td>
<td width="10%"><b>Time (seconds)</b></td>
<td><b>Instance</b></td>
</tr>
<tr>
<td title='com.crm.tests.SanityHotNet.הוט_נט_הקמת_לקוח_עסקי_4803()'><b>הוט_נט_הקמת_לקוח_עסקי_4803</b><br>Test class: com.crm.tests.SanityHotNet<br>Parameters: 1</td>
<td><div><pre>org.openqa.selenium.NoSuchWindowException: Unable to get browser (WARNING: The server did not provide any stacktrace information)
Command duration or timeout: 3 milliseconds
Build info: version: &apos;unknown&apos;, revision: &apos;unknown&apos;, time: &apos;unknown&apos;
System info: host: &apos;HOT-AUTOSRV-01&apos;, ip: &apos;8.200.4.15&apos;, os.name: &apos;Windows Server 2012 R2&apos;, os.arch: &apos;amd64&apos;, os.version: &apos;6.3&apos;, java.version: &apos;1.8.0_131&apos;
Driver info: org.openqa.selenium.ie.InternetExplorerDriver
Capabilities [{se:ieOptions={browserAttachTimeout=0.0, ie.enableFullPageScreenshot=true, enablePersistentHover=true, ie.forceCreateProcessApi=false, ie.forceShellWindowsApi=false, ignoreZoomSetting=false, ie.fileUploadDialogTimeout=3000.0, ie.useLegacyFileUploadDialogHandling=false, nativeEvents=true, ie.ensureCleanSession=false, elementScrollBehavior=0.0, ie.browserCommandLineSwitches=, requireWindowFocus=false, initialBrowserUrl=http://localhost:31300/, ignoreProtectedModeSettings=false, enableElementCacheCleanup=true}, browserName=internet explorer, pageLoadStrategy=normal, javascriptEnabled=true, version=11, platform=WINDOWS, unexpectedAlertBehaviour=dismiss}]
Session ID: f17542d4-97ba-42ff-95bc-24be2e959728
	at org.openqa.selenium.remote.ErrorHandler.createThrowable(ErrorHandler.java:215)
	at org.openqa.selenium.remote.ErrorHandler.throwIfResponseFailed(ErrorHandler.java:167)
	at org.openqa.selenium.remote.RemoteWebDriver.execute(RemoteWebDriver.java:671)
	at org.openqa.selenium.remote.RemoteWebDriver.execute(RemoteWebDriver.java:694)
	at org.openqa.selenium.ie.InternetExplorerDriver.getScreenshotAs(InternetExplorerDriver.java:232)
	at com.hotportal.utility.GeneralUtility.printScreen(GeneralUtility.java:141)
	at com.crm.tests.SanityHotNet.הוט_נט_הקמת_לקוח_עסקי_4803(SanityHotNet.java:155)
	at java.util.concurrent.FutureTask.run(Unknown Source)
	at java.util.concurrent.ThreadPoolExecutor.runWorker(Unknown Source)
	at java.util.concurrent.ThreadPoolExecutor$Worker.run(Unknown Source)
	at java.lang.Thread.run(Unknown Source)
... Removed 19 stack frames</pre></div><a href='#' onClick='toggleBox("stack-trace2048602816", this, "Click to show all stack frames", "Click to hide stack frames")'>Click to show all stack frames</a>
<div class='stack-trace' id='stack-trace2048602816'><pre>org.openqa.selenium.NoSuchWindowException: Unable to get browser (WARNING: The server did not provide any stacktrace information)
Command duration or timeout: 3 milliseconds
Build info: version: &apos;unknown&apos;, revision: &apos;unknown&apos;, time: &apos;unknown&apos;
System info: host: &apos;HOT-AUTOSRV-01&apos;, ip: &apos;8.200.4.15&apos;, os.name: &apos;Windows Server 2012 R2&apos;, os.arch: &apos;amd64&apos;, os.version: &apos;6.3&apos;, java.version: &apos;1.8.0_131&apos;
Driver info: org.openqa.selenium.ie.InternetExplorerDriver
Capabilities [{se:ieOptions={browserAttachTimeout=0.0, ie.enableFullPageScreenshot=true, enablePersistentHover=true, ie.forceCreateProcessApi=false, ie.forceShellWindowsApi=false, ignoreZoomSetting=false, ie.fileUploadDialogTimeout=3000.0, ie.useLegacyFileUploadDialogHandling=false, nativeEvents=true, ie.ensureCleanSession=false, elementScrollBehavior=0.0, ie.browserCommandLineSwitches=, requireWindowFocus=false, initialBrowserUrl=http://localhost:31300/, ignoreProtectedModeSettings=false, enableElementCacheCleanup=true}, browserName=internet explorer, pageLoadStrategy=normal, javascriptEnabled=true, version=11, platform=WINDOWS, unexpectedAlertBehaviour=dismiss}]
Session ID: f17542d4-97ba-42ff-95bc-24be2e959728
	at sun.reflect.GeneratedConstructorAccessor22.newInstance(Unknown Source)
	at sun.reflect.DelegatingConstructorAccessorImpl.newInstance(Unknown Source)
	at java.lang.reflect.Constructor.newInstance(Unknown Source)
	at org.openqa.selenium.remote.ErrorHandler.createThrowable(ErrorHandler.java:215)
	at org.openqa.selenium.remote.ErrorHandler.throwIfResponseFailed(ErrorHandler.java:167)
	at org.openqa.selenium.remote.RemoteWebDriver.execute(RemoteWebDriver.java:671)
	at org.openqa.selenium.remote.RemoteWebDriver.execute(RemoteWebDriver.java:694)
	at org.openqa.selenium.ie.InternetExplorerDriver.getScreenshotAs(InternetExplorerDriver.java:232)
	at com.hotportal.utility.GeneralUtility.printScreen(GeneralUtility.java:141)
	at com.crm.tests.SanityHotNet.הוט_נט_הקמת_לקוח_עסקי_4803(SanityHotNet.java:155)
	at sun.reflect.NativeMethodAccessorImpl.invoke0(Native Method)
	at sun.reflect.NativeMethodAccessorImpl.invoke(Unknown Source)
	at sun.reflect.DelegatingMethodAccessorImpl.invoke(Unknown Source)
	at java.lang.reflect.Method.invoke(Unknown Source)
	at org.testng.internal.MethodInvocationHelper.invokeMethod(MethodInvocationHelper.java:108)
	at org.testng.internal.Invoker.invokeMethod(Invoker.java:661)
	at org.testng.internal.Invoker.invokeTestMethod(Invoker.java:869)
	at org.testng.internal.Invoker.invokeTestMethods(Invoker.java:1193)
	at org.testng.internal.TestMethodWorker.invokeTestMethods(TestMethodWorker.java:126)
	at org.testng.internal.TestMethodWorker.run(TestMethodWorker.java:109)
	at org.testng.TestRunner.privateRun(TestRunner.java:744)
	at org.testng.TestRunner.run(TestRunner.java:602)
	at org.testng.SuiteRunner.runTest(SuiteRunner.java:380)
	at org.testng.SuiteRunner.access$000(SuiteRunner.java:39)
	at org.testng.SuiteRunner$SuiteWorker.run(SuiteRunner.java:414)
	at org.testng.internal.thread.ThreadUtil$1.call(ThreadUtil.java:52)
	at java.util.concurrent.FutureTask.run(Unknown Source)
	at java.util.concurrent.ThreadPoolExecutor.runWorker(Unknown Source)
	at java.util.concurrent.ThreadPoolExecutor$Worker.run(Unknown Source)
	at java.lang.Thread.run(Unknown Source)
</pre></div></td>
<td>15</td>
<td>com.crm.tests.SanityHotNet@44821a96</td></tr>
</table><p>
<table width='100%' border='1' class='invocation-passed'>
<tr><td colspan='4' align='center'><b>PASSED TESTS</b></td></tr>
<tr><td><b>Test method</b></td>
<td width="30%"><b>Exception</b></td>
<td width="10%"><b>Time (seconds)</b></td>
<td><b>Instance</b></td>
</tr>
<tr>
<td title='com.crm.tests.SanityHotNet_Negative.הוט_נט_הקמת_לקוח_בדיקת_שדות_חובה()'><b>הוט_נט_הקמת_לקוח_בדיקת_שדות_חובה</b><br>Test class: com.crm.tests.SanityHotNet_Negative<br/>
<a href="#Output-118371789" onClick='toggleBox("Output-118371789", this, "Show output", "Hide output");'>Show output</a>

<a href="#Output-118371789" onClick="toggleAllBoxes();">Show all outputs</a>
<div class='log' id="Output-118371789">
Start   הוט נט הקמת לקוח בדיקת שדות חובה <br/>
 הוט נט הקמת לקוח בדיקת שדות חובה <br/>
 הודעה הופיעה כמצופה בהעדר ת.ז <br/>
 הוט נט פרטי לקוח <br/>
 הודעה הופיעה כמצופה בהעדר מילוי שדות <br/>
 מבצע בדיקת שדות חובה <br/>
 הודעה הופיעה כמצופה בהעדר מילוי שדות <br/>
 מבצע הכנסת נתוני תשלום <br/>
 מסיים נתוני תשלום <br/>
 מבצע בדיקת תקינות יצירת לקוח <br/>
  מסיים בדיקת תקינות יצירת לקוח  <br/>
 בוצע בהצלחה בדיקת הקמת לקוח ללא הרשאות <br/>
Finish   הוט נט הקמת לקוח בדיקת שדות חובה <br/>
</div>
</td>
<td></td>
<td>335</td>
<td>com.crm.tests.SanityHotNet_Negative@a3d8174</td></tr>
<tr>
<td title='com.crm.tests.SanityHotNet_Negative.הוט_נט_הקמת_לקוח_עסקי_בדיקת_שדות_חובה()'><b>הוט_נט_הקמת_לקוח_עסקי_בדיקת_שדות_חובה</b><br>Test class: com.crm.tests.SanityHotNet_Negative<br/>
<a href="#Output-731054374" onClick='toggleBox("Output-731054374", this, "Show output", "Hide output");'>Show output</a>

<a href="#Output-731054374" onClick="toggleAllBoxes();">Show all outputs</a>
<div class='log' id="Output-731054374">
Start   הוט נט הקמת לקוח עסקי בדיקת שדות חובה <br/>
 הוט נט הקמת לקוח עסקי בדיקת שדות חובה <br/>
Selection default value: ח.פ.<br/>
 הודעה הופיעה כמצופה <br/>
מילוי שדות חובה במסך פרטי לקוח עסקי<br/>
הושלם מילוי שדות חובה במסך פרטי לקוח עסקי<br/>
מילוי שדות חובה במסך פרטי לקוח עסקי<br/>
 הודעה הופיעה כמצופה <br/>
 הודעה הופיעה כמצופה <br/>
 הודעה הופיעה כמצופה <br/>
 הודעה הופיעה כמצופה <br/>
 הודעה הופיעה כמצופה <br/>
 הודעה הופיעה כמצופה <br/>
 הודעה הופיעה כמצופה <br/>
הושלם בדיקת מילוי שדות חובה במסך פרטי לקוח עסקי<br/>
 מבצע הכנסת נתוני תשלום <br/>
 מבצע הכנסת נתוני תשלום ויזה<br/>
 מסיים הזנת נתוני תשלום לקוח עסקי<br/>
 מבצע הכנסת נתוני תשלום <br/>
 מבצע הכנסת נתוני תשלום ויזה<br/>
 הודעה הופיעה כמצופה <br/>
 הודעה הופיעה כמצופה <br/>
 הודעה הופיעה כמצופה <br/>
 הודעה הופיעה כמצופה <br/>
 מסיים הזנת נתוני תשלום לקוח עסקי<br/>
 מבצע בדיקת תקינות יצירת לקוח <br/>
  מסיים בדיקת תקינות יצירת לקוח  <br/>
 בוצע בהצלחה בדיקת הודעות שגיאה ללקוח עסקי <br/>
Finish   הוט נט הקמת לקוח עסקי בדיקת שדות חובה <br/>
</div>
</td>
<td></td>
<td>526</td>
<td>com.crm.tests.SanityHotNet_Negative@a3d8174</td></tr>
<tr>
<td title='com.crm.tests.SanityHotNet.הוט_נט_הקמת_לקוח_פרטי_4803()'><b>הוט_נט_הקמת_לקוח_פרטי_4803</b><br>Test class: com.crm.tests.SanityHotNet<br>Parameters: 1<br/>
<a href="#Output-1852766637" onClick='toggleBox("Output-1852766637", this, "Show output", "Hide output");'>Show output</a>

<a href="#Output-1852766637" onClick="toggleAllBoxes();">Show all outputs</a>
<div class='log' id="Output-1852766637">
 מבצע הכנסת נתוני תשלום <br/>
 מסיים נתוני תשלום <br/>
 מבצע בדיקת תקינות יצירת לקוח <br/>
  מסיים בדיקת תקינות יצירת לקוח  <br/>
 בוצע בהצלחה הקמת לקוח בהוט נט 61617780<br/>
</div>
</td>
<td></td>
<td>265</td>
<td>com.crm.tests.SanityHotNet@44821a96</td></tr>
</table><p>
</body>
</html>